\BOOKMARK [0][-]{section*.1}{\376\377\000A\000b\000s\000t\000r\000a\000c\000t}{}% 1
\BOOKMARK [0][-]{section*.2}{\376\377\000A\000c\000k\000n\000o\000w\000l\000e\000d\000g\000e\000m\000e\000n\000t\000s}{}% 2
\BOOKMARK [0][-]{chapter.4}{\376\377\000I\000n\000t\000r\000o\000d\000u\000c\000t\000i\000o\000n}{}% 3
\BOOKMARK [1][-]{section.5}{\376\377\000D\000i\000s\000s\000e\000r\000t\000a\000t\000i\000o\000n\000\040\000S\000t\000r\000u\000c\000t\000u\000r\000e}{chapter.4}% 4
\BOOKMARK [1][-]{section.7}{\376\377\000L\000i\000s\000t\000\040\000o\000f\000\040\000P\000u\000b\000l\000i\000c\000a\000t\000i\000o\000n\000s}{chapter.4}% 5
\BOOKMARK [0][-]{chapter.8}{\376\377\000C\000r\000o\000w\000d\000s\000o\000u\000r\000c\000e\000d\000\040\000M\000e\000d\000i\000a\000\040\000A\000n\000a\000l\000y\000s\000i\000s}{}% 6
\BOOKMARK [1][-]{section.9}{\376\377\000T\000h\000e\000\040\000S\000o\000c\000i\000a\000l\000\040\000P\000i\000c\000t\000u\000r\000e}{chapter.8}% 7
\BOOKMARK [2][-]{subsection.10}{\376\377\000I\000n\000t\000r\000o\000d\000u\000c\000t\000i\000o\000n}{section.9}% 8
\BOOKMARK [2][-]{subsection.11}{\376\377\000A\000r\000c\000h\000i\000t\000e\000c\000t\000u\000r\000e}{section.9}% 9
\BOOKMARK [2][-]{subsection.14}{\376\377\000U\000s\000e\000r\000\040\000e\000x\000p\000e\000r\000i\000e\000n\000c\000e}{section.9}% 10
\BOOKMARK [3][-]{section*.16}{\376\377\000H\000e\000a\000m\000a\000p\000\040\000e\000x\000p\000l\000o\000r\000a\000t\000i\000o\000n}{subsection.14}% 11
\BOOKMARK [3][-]{section*.19}{\376\377\000E\000m\000b\000e\000d\000d\000i\000n\000g\000\040\000E\000x\000p\000l\000o\000r\000a\000t\000i\000o\000n}{subsection.14}% 12
\BOOKMARK [3][-]{section*.24}{\376\377\000O\000t\000h\000e\000r\000\040\000A\000d\000v\000a\000n\000c\000e\000d\000\040\000T\000o\000o\000l\000s}{subsection.14}% 13
\BOOKMARK [2][-]{subsection.26}{\376\377\000C\000o\000n\000c\000l\000u\000s\000i\000o\000n\000s}{section.9}% 14
\BOOKMARK [0][-]{chapter.27}{\376\377\000I\000m\000a\000g\000e\000\040\000S\000e\000n\000t\000i\000m\000e\000n\000t\000\040\000A\000n\000a\000l\000y\000s\000i\000s}{}% 15
\BOOKMARK [1][-]{section.28}{\376\377\000I\000n\000t\000r\000o\000d\000u\000c\000t\000i\000o\000n}{chapter.27}% 16
\BOOKMARK [1][-]{section.29}{\376\377\000S\000t\000a\000t\000e\000\040\000o\000f\000\040\000t\000h\000e\000\040\000A\000r\000t}{chapter.27}% 17
\BOOKMARK [1][-]{section.31}{\376\377\000V\000i\000s\000u\000a\000l\000\040\000S\000e\000n\000t\000i\000m\000e\000n\000t\000\040\000A\000n\000a\000l\000y\000s\000i\000s\000\040\000S\000y\000s\000t\000e\000m\000s}{chapter.27}% 18
\BOOKMARK [2][-]{subsection.32}{\376\377\000H\000o\000w\000\040\000t\000o\000\040\000r\000e\000p\000r\000e\000s\000e\000n\000t\000\040\000t\000h\000e\000\040\000e\000m\000o\000t\000i\000o\000n\000s\000?}{section.31}% 19
\BOOKMARK [2][-]{subsection.34}{\376\377\000E\000x\000i\000s\000t\000i\000n\000g\000\040\000d\000a\000t\000a\000s\000e\000t\000s}{section.31}% 20
\BOOKMARK [2][-]{subsection.40}{\376\377\000F\000e\000a\000t\000u\000r\000e\000s}{section.31}% 21
\BOOKMARK [1][-]{section.41}{\376\377\000P\000r\000o\000b\000l\000e\000m\000\040\000a\000n\000a\000l\000y\000s\000i\000s}{chapter.27}% 22
\BOOKMARK [2][-]{subsection.44}{\376\377\000E\000n\000t\000i\000t\000y\000\040\000a\000n\000d\000\040\000A\000s\000p\000e\000c\000t\000s}{section.41}% 23
\BOOKMARK [2][-]{subsection.47}{\376\377\000H\000o\000l\000d\000e\000r}{section.41}% 24
\BOOKMARK [2][-]{subsection.48}{\376\377\000T\000i\000m\000e}{section.41}% 25
\BOOKMARK [1][-]{section.50}{\376\377\000C\000h\000a\000l\000l\000e\000n\000g\000e\000s}{chapter.27}% 26
\BOOKMARK [2][-]{subsection.51}{\376\377\000P\000o\000p\000u\000l\000a\000r\000i\000t\000y}{section.50}% 27
\BOOKMARK [2][-]{subsection.55}{\376\377\000R\000e\000l\000a\000t\000i\000v\000e\000\040\000A\000t\000t\000r\000i\000b\000u\000t\000e\000s}{section.50}% 28
\BOOKMARK [2][-]{subsection.57}{\376\377\000C\000o\000m\000m\000o\000n\000\040\000S\000e\000n\000s\000e}{section.50}% 29
\BOOKMARK [2][-]{subsection.58}{\376\377\000E\000m\000o\000t\000i\000c\000o\000n\000/\000E\000m\000o\000j\000i}{section.50}% 30
\BOOKMARK [1][-]{section.62}{\376\377\000I\000m\000a\000g\000e\000\040\000P\000o\000l\000a\000r\000i\000t\000y\000\040\000P\000r\000e\000d\000i\000c\000t\000i\000o\000n}{chapter.27}% 31
\BOOKMARK [1][-]{section.63}{\376\377\000I\000m\000a\000g\000e\000\040\000P\000o\000p\000u\000l\000a\000r\000i\000t\000y\000\040\000P\000r\000e\000d\000i\000c\000t\000i\000o\000n}{chapter.27}% 32
\BOOKMARK [1][-]{section.64}{\376\377\000C\000o\000n\000c\000l\000u\000s\000i\000o\000n\000s}{chapter.27}% 33
\BOOKMARK [0][-]{chapter.65}{\376\377\000V\000i\000d\000e\000o\000\040\000S\000e\000n\000t\000i\000m\000e\000n\000t\000\040\000A\000n\000a\000l\000y\000s\000i\000s}{}% 34
\BOOKMARK [1][-]{section.66}{\376\377\000I\000n\000t\000r\000o\000d\000u\000c\000t\000i\000o\000n}{chapter.65}% 35
\BOOKMARK [1][-]{section.67}{\376\377\000R\000E\000C\000f\000u\000s\000i\000o\000n}{chapter.65}% 36
\BOOKMARK [1][-]{section.68}{\376\377\000R\000E\000C\000f\000u\000s\000i\000o\000n\000\040\000f\000o\000r\000\040\000l\000i\000f\000e\000l\000o\000g\000g\000i\000n\000g}{chapter.65}% 37
\BOOKMARK [1][-]{section.69}{\376\377\000C\000o\000n\000c\000l\000u\000s\000i\000o\000n\000s}{chapter.65}% 38
\BOOKMARK [0][-]{chapter.70}{\376\377\000F\000i\000n\000a\000l\000\040\000D\000i\000s\000c\000u\000s\000s\000i\000o\000n\000,\000\040\000R\000e\000m\000a\000r\000k\000s\000\040\000a\000n\000d\000\040\000F\000u\000t\000u\000r\000e\000\040\000W\000o\000r\000k\000s}{}% 39
\BOOKMARK [0][-]{chapter*.71}{\376\377\000B\000i\000b\000l\000i\000o\000g\000r\000a\000p\000h\000y}{}% 40
