This is pdfTeX, Version 3.14159265-2.6-1.40.19 (MiKTeX 2.9.6630 64-bit) (preloaded format=pdflatex 2018.3.23)  9 JUL 2018 10:10
entering extended mode
**./frontespizio.tex
(frontespizio.tex
LaTeX2e <2017-04-15>
Babel <3.18> and hyphenation patterns for 76 language(s) loaded.

! LaTeX Error: Environment titlepage undefined.

See the LaTeX manual or LaTeX Companion for explanation.
Type  H <return>  for immediate help.
 ...                                              
                                                  
l.1 \begin{titlepage}
                     
Your command was ignored.
Type  I <command> <return>  to replace it with another command,
or  <return>  to continue without it.

! Undefined control sequence.
l.8 {\Large
            \textbf{UNIVERSIT\`A DEGLI STUDI DI CATANIA}}
The control sequence at the end of the top line
of your error message was never \def'ed. If you have
misspelled it (e.g., `\hobx'), type `I' and the correct
spelling (e.g., `I\hbox'). Otherwise just continue,
and I'll forget about whatever was undefined.


! LaTeX Error: Missing \begin{document}.

See the LaTeX manual or LaTeX Companion for explanation.
Type  H <return>  for immediate help.
 ...                                              
                                                  
l.8 ...textbf{UNIVERSIT\`A DEGLI STUDI DI CATANIA}
                                                  }
You're in trouble here.  Try typing  <return>  to proceed.
If that doesn't work, type  X <return>  to quit.


Overfull \hbox (74.52736pt too wide) in paragraph at lines 8--9
 []\OT1/cmr/bx/n/10 UNIVERSIT[]A 
 []


Overfull \hbox (36.69423pt too wide) in paragraph at lines 8--9
 \OT1/cmr/bx/n/10 DEGLI 
 []


Overfull \hbox (36.41646pt too wide) in paragraph at lines 8--9
 \OT1/cmr/bx/n/10 STUDI 
 []


Overfull \hbox (13.18048pt too wide) in paragraph at lines 8--9
 \OT1/cmr/bx/n/10 DI 
 []


Overfull \hbox (35.61092pt too wide) in paragraph at lines 8--9
 \OT1/cmr/bx/n/10 CATA- 
 []


Overfull \hbox (22.05544pt too wide) in paragraph at lines 8--9
 \OT1/cmr/bx/n/10 NIA 
 []

! Undefined control sequence.
l.11 \large
           
The control sequence at the end of the top line
of your error message was never \def'ed. If you have
misspelled it (e.g., `\hobx'), type `I' and the correct
spelling (e.g., `I\hbox'). Otherwise just continue,
and I'll forget about whatever was undefined.


! LaTeX Error: Missing \begin{document}.

See the LaTeX manual or LaTeX Companion for explanation.
Type  H <return>  for immediate help.
 ...                                              
                                                  
l.12 D
      ipartimento di Matematica e Informatica
You're in trouble here.  Try typing  <return>  to proceed.
If that doesn't work, type  X <return>  to quit.


Overfull \hbox (68.09125pt too wide) in paragraph at lines 12--14
 []\OT1/cmr/m/sc/10 Dipartimento 
 []


Overfull \hbox (9.26663pt too wide) in paragraph at lines 12--14
 \OT1/cmr/m/sc/10 di 
 []


Overfull \hbox (38.0886pt too wide) in paragraph at lines 12--14
 \OT1/cmr/m/sc/10 Matem- 
 []


Overfull \hbox (15.15544pt too wide) in paragraph at lines 12--14
 \OT1/cmr/m/sc/10 at- 
 []


Overfull \hbox (15.06659pt too wide) in paragraph at lines 12--14
 \OT1/cmr/m/sc/10 ica 
 []


Overfull \hbox (5.57774pt too wide) in paragraph at lines 12--14
 \OT1/cmr/m/sc/10 e 
 []


Overfull \hbox (13.96655pt too wide) in paragraph at lines 12--14
 \OT1/cmr/m/sc/10 In- 
 []


Overfull \hbox (21.28879pt too wide) in paragraph at lines 12--14
 \OT1/cmr/m/sc/10 for- 
 []


Overfull \hbox (22.62207pt too wide) in paragraph at lines 12--14
 \OT1/cmr/m/sc/10 mat- 
 []


Overfull \hbox (15.06659pt too wide) in paragraph at lines 12--14
 \OT1/cmr/m/sc/10 ica 
 []


! LaTeX Error: The font size command \normalsize is not defined:
               there is probably something wrong with the class file.

See the LaTeX manual or LaTeX Companion for explanation.
Type  H <return>  for immediate help.
 ...                                              
                                                  
l.16 \normalsize
                
Your command was ignored.
Type  I <command> <return>  to replace it with another command,
or  <return>  to continue without it.


! LaTeX Error: Missing \begin{document}.

See the LaTeX manual or LaTeX Companion for explanation.
Type  H <return>  for immediate help.
 ...                                              
                                                  
l.17 D
      ottorato di Ricerca in Matematica  e Informatica XXXI Ciclo
You're in trouble here.  Try typing  <return>  to proceed.
If that doesn't work, type  X <return>  to quit.


Overfull \hbox (56.58023pt too wide) in paragraph at lines 17--19
 []\OT1/cmr/m/sc/10 Dottorato 
 []


Overfull \hbox (9.26663pt too wide) in paragraph at lines 17--19
 \OT1/cmr/m/sc/10 di 
 []


Overfull \hbox (40.3553pt too wide) in paragraph at lines 17--19
 \OT1/cmr/m/sc/10 Ricerca 
 []


Overfull \hbox (9.15552pt too wide) in paragraph at lines 17--19
 \OT1/cmr/m/sc/10 in 
 []


Overfull \hbox (38.0886pt too wide) in paragraph at lines 17--19
 \OT1/cmr/m/sc/10 Matem- 
 []


Overfull \hbox (15.15544pt too wide) in paragraph at lines 17--19
 \OT1/cmr/m/sc/10 at- 
 []


Overfull \hbox (15.06659pt too wide) in paragraph at lines 17--19
 \OT1/cmr/m/sc/10 ica 
 []


Overfull \hbox (5.57774pt too wide) in paragraph at lines 17--19
 \OT1/cmr/m/sc/10 e 
 []


Overfull \hbox (13.96655pt too wide) in paragraph at lines 17--19
 \OT1/cmr/m/sc/10 In- 
 []


Overfull \hbox (21.28879pt too wide) in paragraph at lines 17--19
 \OT1/cmr/m/sc/10 for- 
 []


Overfull \hbox (22.62207pt too wide) in paragraph at lines 17--19
 \OT1/cmr/m/sc/10 mat- 
 []


Overfull \hbox (15.06659pt too wide) in paragraph at lines 17--19
 \OT1/cmr/m/sc/10 ica 
 []


Overfull \hbox (28.47192pt too wide) in paragraph at lines 17--19
 \OT1/cmr/m/sc/10 XXXI 
 []


Overfull \hbox (14.66098pt too wide) in paragraph at lines 17--19
 \OT1/cmr/m/sc/10 Ci- 
 []


Overfull \hbox (17.3999pt too wide) in paragraph at lines 17--19
 \OT1/cmr/m/sc/10 clo 
 []

! Undefined control sequence.
l.29 \large
           
The control sequence at the end of the top line
of your error message was never \def'ed. If you have
misspelled it (e.g., `\hobx'), type `I' and the correct
spelling (e.g., `I\hbox'). Otherwise just continue,
and I'll forget about whatever was undefined.

! Undefined control sequence.
l.30 \authorname
                
The control sequence at the end of the top line
of your error message was never \def'ed. If you have
misspelled it (e.g., `\hobx'), type `I' and the correct
spelling (e.g., `I\hbox'). Otherwise just continue,
and I'll forget about whatever was undefined.

! Undefined control sequence.
l.37 \Large
           
The control sequence at the end of the top line
of your error message was never \def'ed. If you have
misspelled it (e.g., `\hobx'), type `I' and the correct
spelling (e.g., `I\hbox'). Otherwise just continue,
and I'll forget about whatever was undefined.

! Undefined control sequence.
l.38 \ttitle
            
The control sequence at the end of the top line
of your error message was never \def'ed. If you have
misspelled it (e.g., `\hobx'), type `I' and the correct
spelling (e.g., `I\hbox'). Otherwise just continue,
and I'll forget about whatever was undefined.


! LaTeX Error: Missing \begin{document}.

See the LaTeX manual or LaTeX Companion for explanation.
Type  H <return>  for immediate help.
 ...                                              
                                                  
l.45 \begin{minipage}[b]{8 cm}
                              
You're in trouble here.  Try typing  <return>  to proceed.
If that doesn't work, type  X <return>  to quit.


Overfull \hbox (227.62204pt too wide) in paragraph at lines 45--60
 [][] 
 []


! LaTeX Error: Missing \begin{document}.

See the LaTeX manual or LaTeX Companion for explanation.
Type  H <return>  for immediate help.
 ...                                              
                                                  
l.83 \begin{tabular}
                    {ll}
You're in trouble here.  Try typing  <return>  to proceed.
If that doesn't work, type  X <return>  to quit.

LaTeX Font Info:    External font `cmex10' loaded for size
(Font)              <7> on input line 83.
LaTeX Font Info:    External font `cmex10' loaded for size
(Font)              <5> on input line 83.
! Undefined control sequence.
l.84 \supname
             
The control sequence at the end of the top line
of your error message was never \def'ed. If you have
misspelled it (e.g., `\hobx'), type `I' and the correct
spelling (e.g., `I\hbox'). Otherwise just continue,
and I'll forget about whatever was undefined.


! LaTeX Error: Missing \begin{document}.

See the LaTeX manual or LaTeX Companion for explanation.
Type  H <return>  for immediate help.
 ...                                              
                                                  
l.103 A
       nno Accademico 2017 - 2018
You're in trouble here.  Try typing  <return>  to proceed.
If that doesn't work, type  X <return>  to quit.

Missing character: There is no A in font nullfont!
Missing character: There is no n in font nullfont!
Missing character: There is no n in font nullfont!
Missing character: There is no o in font nullfont!
Missing character: There is no A in font nullfont!
Missing character: There is no c in font nullfont!
Missing character: There is no c in font nullfont!
Missing character: There is no a in font nullfont!
Missing character: There is no d in font nullfont!
Missing character: There is no e in font nullfont!
Missing character: There is no m in font nullfont!
Missing character: There is no i in font nullfont!
Missing character: There is no c in font nullfont!
Missing character: There is no o in font nullfont!
Missing character: There is no 2 in font nullfont!
Missing character: There is no 0 in font nullfont!
Missing character: There is no 1 in font nullfont!
Missing character: There is no 7 in font nullfont!
Missing character: There is no - in font nullfont!
Missing character: There is no 2 in font nullfont!
Missing character: There is no 0 in font nullfont!
Missing character: There is no 1 in font nullfont!
Missing character: There is no 8 in font nullfont!

! LaTeX Error: \begin{document} ended by \end{titlepage}.

See the LaTeX manual or LaTeX Companion for explanation.
Type  H <return>  for immediate help.
 ...                                              
                                                  
l.105 \end{titlepage}
                     
Your command was ignored.
Type  I <command> <return>  to replace it with another command,
or  <return>  to continue without it.

)
! Emergency stop.
<*> ./frontespizio.tex
                      
*** (job aborted, no legal \end found)

 
Here is how much of TeX's memory you used:
 20 strings out of 493301
 320 string characters out of 3138743
 54853 words of memory out of 3000000
 3669 multiletter control sequences out of 15000+200000
 4595 words of font info for 17 fonts, out of 3000000 for 9000
 1141 hyphenation exceptions out of 8191
 19i,4n,12p,90b,149s stack positions out of 5000i,500n,10000p,200000b,50000s
!  ==> Fatal error occurred, no output PDF file produced!
